2025-08-05 10:10:18 - mega_sena - INFO - logging_config.py:105 - setup_enhanced_logging() - ==================================================
2025-08-05 10:10:18 - mega_sena - INFO - logging_config.py:106 - setup_enhanced_logging() - Mega-Sena Analyzer iniciado em 2025-08-05 10:10:18.895732
2025-08-05 10:10:18 - mega_sena - INFO - logging_config.py:107 - setup_enhanced_logging() - Nível de log: INFO
2025-08-05 10:10:18 - mega_sena - INFO - logging_config.py:108 - setup_enhanced_logging() - Diretório de logs: C:\Users\marco\Documents\Github\mega_sena_estatistico\logs
2025-08-05 10:10:18 - mega_sena - INFO - logging_config.py:109 - setup_enhanced_logging() - ==================================================
2025-08-05 10:10:27 - mega_sena - INFO - logging_config.py:105 - setup_enhanced_logging() - ==================================================
2025-08-05 10:10:27 - mega_sena - INFO - logging_config.py:106 - setup_enhanced_logging() - Mega-Sena Analyzer iniciado em 2025-08-05 10:10:27.938813
2025-08-05 10:10:27 - mega_sena - INFO - logging_config.py:107 - setup_enhanced_logging() - Nível de log: INFO
2025-08-05 10:10:27 - mega_sena - INFO - logging_config.py:108 - setup_enhanced_logging() - Diretório de logs: C:\Users\marco\Documents\Github\mega_sena_estatistico\logs
2025-08-05 10:10:27 - mega_sena - INFO - logging_config.py:109 - setup_enhanced_logging() - ==================================================
2025-08-05 10:10:34 - mega_sena - INFO - logging_config.py:105 - setup_enhanced_logging() - ==================================================
2025-08-05 10:10:34 - mega_sena - INFO - logging_config.py:106 - setup_enhanced_logging() - Mega-Sena Analyzer iniciado em 2025-08-05 10:10:34.283922
2025-08-05 10:10:34 - mega_sena - INFO - logging_config.py:107 - setup_enhanced_logging() - Nível de log: INFO
2025-08-05 10:10:34 - mega_sena - INFO - logging_config.py:108 - setup_enhanced_logging() - Diretório de logs: C:\Users\marco\Documents\Github\mega_sena_estatistico\logs
2025-08-05 10:10:34 - mega_sena - INFO - logging_config.py:109 - setup_enhanced_logging() - ==================================================
2025-08-05 10:10:41 - mega_sena - INFO - logging_config.py:105 - setup_enhanced_logging() - ==================================================
2025-08-05 10:10:41 - mega_sena - INFO - logging_config.py:106 - setup_enhanced_logging() - Mega-Sena Analyzer iniciado em 2025-08-05 10:10:41.596701
2025-08-05 10:10:41 - mega_sena - INFO - logging_config.py:107 - setup_enhanced_logging() - Nível de log: INFO
2025-08-05 10:10:41 - mega_sena - INFO - logging_config.py:108 - setup_enhanced_logging() - Diretório de logs: C:\Users\marco\Documents\Github\mega_sena_estatistico\logs
2025-08-05 10:10:41 - mega_sena - INFO - logging_config.py:109 - setup_enhanced_logging() - ==================================================
2025-08-05 10:10:48 - mega_sena - INFO - logging_config.py:105 - setup_enhanced_logging() - ==================================================
2025-08-05 10:10:48 - mega_sena - INFO - logging_config.py:106 - setup_enhanced_logging() - Mega-Sena Analyzer iniciado em 2025-08-05 10:10:48.737529
2025-08-05 10:10:48 - mega_sena - INFO - logging_config.py:107 - setup_enhanced_logging() - Nível de log: INFO
2025-08-05 10:10:48 - mega_sena - INFO - logging_config.py:108 - setup_enhanced_logging() - Diretório de logs: C:\Users\marco\Documents\Github\mega_sena_estatistico\logs
2025-08-05 10:10:48 - mega_sena - INFO - logging_config.py:109 - setup_enhanced_logging() - ==================================================
2025-08-05 10:19:03 - mega_sena - INFO - logging_config.py:105 - setup_enhanced_logging() - ==================================================
2025-08-05 10:19:03 - mega_sena - INFO - logging_config.py:106 - setup_enhanced_logging() - Mega-Sena Analyzer iniciado em 2025-08-05 10:19:03.167019
2025-08-05 10:19:03 - mega_sena - INFO - logging_config.py:107 - setup_enhanced_logging() - Nível de log: INFO
2025-08-05 10:19:03 - mega_sena - INFO - logging_config.py:108 - setup_enhanced_logging() - Diretório de logs: C:\Users\marco\Documents\Github\mega_sena_estatistico\logs
2025-08-05 10:19:03 - mega_sena - INFO - logging_config.py:109 - setup_enhanced_logging() - ==================================================
2025-08-05 10:19:10 - mega_sena - INFO - logging_config.py:105 - setup_enhanced_logging() - ==================================================
2025-08-05 10:19:10 - mega_sena - INFO - logging_config.py:106 - setup_enhanced_logging() - Mega-Sena Analyzer iniciado em 2025-08-05 10:19:10.909927
2025-08-05 10:19:10 - mega_sena - INFO - logging_config.py:107 - setup_enhanced_logging() - Nível de log: INFO
2025-08-05 10:19:10 - mega_sena - INFO - logging_config.py:108 - setup_enhanced_logging() - Diretório de logs: C:\Users\marco\Documents\Github\mega_sena_estatistico\logs
2025-08-05 10:19:10 - mega_sena - INFO - logging_config.py:109 - setup_enhanced_logging() - ==================================================
2025-08-05 10:19:30 - mega_sena - INFO - logging_config.py:105 - setup_enhanced_logging() - ==================================================
2025-08-05 10:19:30 - mega_sena - INFO - logging_config.py:106 - setup_enhanced_logging() - Mega-Sena Analyzer iniciado em 2025-08-05 10:19:30.235472
2025-08-05 10:19:30 - mega_sena - INFO - logging_config.py:107 - setup_enhanced_logging() - Nível de log: INFO
2025-08-05 10:19:30 - mega_sena - INFO - logging_config.py:108 - setup_enhanced_logging() - Diretório de logs: C:\Users\marco\Documents\Github\mega_sena_estatistico\logs
2025-08-05 10:19:30 - mega_sena - INFO - logging_config.py:109 - setup_enhanced_logging() - ==================================================
2025-08-05 10:20:07 - mega_sena - INFO - logging_config.py:105 - setup_enhanced_logging() - ==================================================
2025-08-05 10:20:07 - mega_sena - INFO - logging_config.py:106 - setup_enhanced_logging() - Mega-Sena Analyzer iniciado em 2025-08-05 10:20:07.842599
2025-08-05 10:20:07 - mega_sena - INFO - logging_config.py:107 - setup_enhanced_logging() - Nível de log: INFO
2025-08-05 10:20:07 - mega_sena - INFO - logging_config.py:108 - setup_enhanced_logging() - Diretório de logs: C:\Users\marco\Documents\Github\mega_sena_estatistico\logs
2025-08-05 10:20:07 - mega_sena - INFO - logging_config.py:109 - setup_enhanced_logging() - ==================================================
2025-08-05 10:20:24 - mega_sena - INFO - logging_config.py:105 - setup_enhanced_logging() - ==================================================
2025-08-05 10:20:24 - mega_sena - INFO - logging_config.py:106 - setup_enhanced_logging() - Mega-Sena Analyzer iniciado em 2025-08-05 10:20:24.246173
2025-08-05 10:20:24 - mega_sena - INFO - logging_config.py:107 - setup_enhanced_logging() - Nível de log: INFO
2025-08-05 10:20:24 - mega_sena - INFO - logging_config.py:108 - setup_enhanced_logging() - Diretório de logs: C:\Users\marco\Documents\Github\mega_sena_estatistico\logs
2025-08-05 10:20:24 - mega_sena - INFO - logging_config.py:109 - setup_enhanced_logging() - ==================================================
2025-08-05 10:21:28 - mega_sena - INFO - logging_config.py:105 - setup_enhanced_logging() - ==================================================
2025-08-05 10:21:28 - mega_sena - INFO - logging_config.py:106 - setup_enhanced_logging() - Mega-Sena Analyzer iniciado em 2025-08-05 10:21:28.786588
2025-08-05 10:21:28 - mega_sena - INFO - logging_config.py:107 - setup_enhanced_logging() - Nível de log: INFO
2025-08-05 10:21:28 - mega_sena - INFO - logging_config.py:108 - setup_enhanced_logging() - Diretório de logs: C:\Users\marco\Documents\Github\mega_sena_estatistico\logs
2025-08-05 10:21:28 - mega_sena - INFO - logging_config.py:109 - setup_enhanced_logging() - ==================================================
2025-08-05 10:25:14 - mega_sena - INFO - logging_config.py:105 - setup_enhanced_logging() - ==================================================
2025-08-05 10:25:14 - mega_sena - INFO - logging_config.py:106 - setup_enhanced_logging() - Mega-Sena Analyzer iniciado em 2025-08-05 10:25:14.831721
2025-08-05 10:25:14 - mega_sena - INFO - logging_config.py:107 - setup_enhanced_logging() - Nível de log: INFO
2025-08-05 10:25:14 - mega_sena - INFO - logging_config.py:108 - setup_enhanced_logging() - Diretório de logs: C:\Users\marco\Documents\Github\mega_sena_estatistico\logs
2025-08-05 10:25:14 - mega_sena - INFO - logging_config.py:109 - setup_enhanced_logging() - ==================================================
2025-08-06 18:17:49 - mega_sena - INFO - logging_config.py:105 - setup_enhanced_logging() - ==================================================
2025-08-06 18:17:49 - mega_sena - INFO - logging_config.py:106 - setup_enhanced_logging() - Mega-Sena Analyzer iniciado em 2025-08-06 18:17:49.102325
2025-08-06 18:17:49 - mega_sena - INFO - logging_config.py:107 - setup_enhanced_logging() - Nível de log: INFO
2025-08-06 18:17:49 - mega_sena - INFO - logging_config.py:108 - setup_enhanced_logging() - Diretório de logs: C:\Users\marco\Documents\Github\mega_sena_estatistico\logs
2025-08-06 18:17:49 - mega_sena - INFO - logging_config.py:109 - setup_enhanced_logging() - ==================================================
2025-08-08 21:11:57 - mega_sena - INFO - logging_config.py:105 - setup_enhanced_logging() - ==================================================
2025-08-08 21:11:57 - mega_sena - INFO - logging_config.py:106 - setup_enhanced_logging() - Mega-Sena Analyzer iniciado em 2025-08-08 21:11:57.922008
2025-08-08 21:11:57 - mega_sena - INFO - logging_config.py:107 - setup_enhanced_logging() - Nível de log: INFO
2025-08-08 21:11:57 - mega_sena - INFO - logging_config.py:108 - setup_enhanced_logging() - Diretório de logs: C:\Users\marco\Documents\Github\mega_sena_estatistico\logs
2025-08-08 21:11:57 - mega_sena - INFO - logging_config.py:109 - setup_enhanced_logging() - ==================================================
2025-08-10 20:44:54 - mega_sena - INFO - logging_config.py:105 - setup_enhanced_logging() - ==================================================
2025-08-10 20:44:54 - mega_sena - INFO - logging_config.py:106 - setup_enhanced_logging() - Mega-Sena Analyzer iniciado em 2025-08-10 20:44:54.696655
2025-08-10 20:44:54 - mega_sena - INFO - logging_config.py:107 - setup_enhanced_logging() - Nível de log: INFO
2025-08-10 20:44:54 - mega_sena - INFO - logging_config.py:108 - setup_enhanced_logging() - Diretório de logs: C:\Users\marco\Documents\Github\mega_sena_estatistico\logs
2025-08-10 20:44:54 - mega_sena - INFO - logging_config.py:109 - setup_enhanced_logging() - ==================================================
2025-08-12 13:59:31 - mega_sena - INFO - logging_config.py:105 - setup_enhanced_logging() - ==================================================
2025-08-12 13:59:31 - mega_sena - INFO - logging_config.py:106 - setup_enhanced_logging() - Mega-Sena Analyzer iniciado em 2025-08-12 13:59:31.769116
2025-08-12 13:59:31 - mega_sena - INFO - logging_config.py:107 - setup_enhanced_logging() - Nível de log: INFO
2025-08-12 13:59:31 - mega_sena - INFO - logging_config.py:108 - setup_enhanced_logging() - Diretório de logs: C:\Users\marco\Documents\GitHub\mega_sena_estatistico\logs
2025-08-12 13:59:31 - mega_sena - INFO - logging_config.py:109 - setup_enhanced_logging() - ==================================================
2025-08-23 20:56:23 - mega_sena - INFO - logging_config.py:105 - setup_enhanced_logging() - ==================================================
2025-08-23 20:56:23 - mega_sena - INFO - logging_config.py:106 - setup_enhanced_logging() - Mega-Sena Analyzer iniciado em 2025-08-23 20:56:23.324436
2025-08-23 20:56:23 - mega_sena - INFO - logging_config.py:107 - setup_enhanced_logging() - Nível de log: INFO
2025-08-23 20:56:23 - mega_sena - INFO - logging_config.py:108 - setup_enhanced_logging() - Diretório de logs: C:\Users\marco\Documents\Github\mega_sena_estatistico\logs
2025-08-23 20:56:23 - mega_sena - INFO - logging_config.py:109 - setup_enhanced_logging() - ==================================================
2025-12-05 09:23:07 - mega_sena - INFO - logging_config.py:105 - setup_enhanced_logging() - ==================================================
2025-12-05 09:23:07 - mega_sena - INFO - logging_config.py:106 - setup_enhanced_logging() - Mega-Sena Analyzer iniciado em 2025-12-05 09:23:07.053241
2025-12-05 09:23:07 - mega_sena - INFO - logging_config.py:107 - setup_enhanced_logging() - Nível de log: INFO
2025-12-05 09:23:07 - mega_sena - INFO - logging_config.py:108 - setup_enhanced_logging() - Diretório de logs: C:\Users\marco\Documents\Github\mega_sena_estatistico\logs
2025-12-05 09:23:07 - mega_sena - INFO - logging_config.py:109 - setup_enhanced_logging() - ==================================================
2025-12-05 09:32:29 - mega_sena - INFO - logging_config.py:105 - setup_enhanced_logging() - ==================================================
2025-12-05 09:32:29 - mega_sena - INFO - logging_config.py:106 - setup_enhanced_logging() - Mega-Sena Analyzer iniciado em 2025-12-05 09:32:29.131332
2025-12-05 09:32:29 - mega_sena - INFO - logging_config.py:107 - setup_enhanced_logging() - Nível de log: INFO
2025-12-05 09:32:29 - mega_sena - INFO - logging_config.py:108 - setup_enhanced_logging() - Diretório de logs: C:\Users\marco\Documents\Github\mega_sena_estatistico\logs
2025-12-05 09:32:29 - mega_sena - INFO - logging_config.py:109 - setup_enhanced_logging() - ==================================================
2025-12-05 09:32:52 - mega_sena - INFO - logging_config.py:105 - setup_enhanced_logging() - ==================================================
2025-12-05 09:32:52 - mega_sena - INFO - logging_config.py:106 - setup_enhanced_logging() - Mega-Sena Analyzer iniciado em 2025-12-05 09:32:52.980218
2025-12-05 09:32:52 - mega_sena - INFO - logging_config.py:107 - setup_enhanced_logging() - Nível de log: INFO
2025-12-05 09:32:52 - mega_sena - INFO - logging_config.py:108 - setup_enhanced_logging() - Diretório de logs: C:\Users\marco\Documents\Github\mega_sena_estatistico\logs
2025-12-05 09:32:52 - mega_sena - INFO - logging_config.py:109 - setup_enhanced_logging() - ==================================================
2025-12-05 09:33:25 - mega_sena - INFO - logging_config.py:105 - setup_enhanced_logging() - ==================================================
2025-12-05 09:33:25 - mega_sena - INFO - logging_config.py:106 - setup_enhanced_logging() - Mega-Sena Analyzer iniciado em 2025-12-05 09:33:25.224601
2025-12-05 09:33:25 - mega_sena - INFO - logging_config.py:107 - setup_enhanced_logging() - Nível de log: INFO
2025-12-05 09:33:25 - mega_sena - INFO - logging_config.py:108 - setup_enhanced_logging() - Diretório de logs: C:\Users\marco\Documents\Github\mega_sena_estatistico\logs
2025-12-05 09:33:25 - mega_sena - INFO - logging_config.py:109 - setup_enhanced_logging() - ==================================================
2025-12-05 09:39:51 - mega_sena - INFO - logging_config.py:105 - setup_enhanced_logging() - ==================================================
2025-12-05 09:39:51 - mega_sena - INFO - logging_config.py:106 - setup_enhanced_logging() - Mega-Sena Analyzer iniciado em 2025-12-05 09:39:51.925314
2025-12-05 09:39:51 - mega_sena - INFO - logging_config.py:107 - setup_enhanced_logging() - Nível de log: INFO
2025-12-05 09:39:51 - mega_sena - INFO - logging_config.py:108 - setup_enhanced_logging() - Diretório de logs: C:\Users\marco\Documents\Github\mega_sena_estatistico\logs
2025-12-05 09:39:51 - mega_sena - INFO - logging_config.py:109 - setup_enhanced_logging() - ==================================================
2025-12-05 09:40:04 - mega_sena - INFO - logging_config.py:105 - setup_enhanced_logging() - ==================================================
2025-12-05 09:40:04 - mega_sena - INFO - logging_config.py:106 - setup_enhanced_logging() - Mega-Sena Analyzer iniciado em 2025-12-05 09:40:04.606680
2025-12-05 09:40:04 - mega_sena - INFO - logging_config.py:107 - setup_enhanced_logging() - Nível de log: INFO
2025-12-05 09:40:04 - mega_sena - INFO - logging_config.py:108 - setup_enhanced_logging() - Diretório de logs: C:\Users\marco\Documents\Github\mega_sena_estatistico\logs
2025-12-05 09:40:04 - mega_sena - INFO - logging_config.py:109 - setup_enhanced_logging() - ==================================================
2025-12-05 09:40:13 - mega_sena - INFO - logging_config.py:105 - setup_enhanced_logging() - ==================================================
2025-12-05 09:40:13 - mega_sena - INFO - logging_config.py:106 - setup_enhanced_logging() - Mega-Sena Analyzer iniciado em 2025-12-05 09:40:13.193799
2025-12-05 09:40:13 - mega_sena - INFO - logging_config.py:107 - setup_enhanced_logging() - Nível de log: INFO
2025-12-05 09:40:13 - mega_sena - INFO - logging_config.py:108 - setup_enhanced_logging() - Diretório de logs: C:\Users\marco\Documents\Github\mega_sena_estatistico\logs
2025-12-05 09:40:13 - mega_sena - INFO - logging_config.py:109 - setup_enhanced_logging() - ==================================================
2025-12-05 09:43:42 - mega_sena - INFO - logging_config.py:105 - setup_enhanced_logging() - ==================================================
2025-12-05 09:43:42 - mega_sena - INFO - logging_config.py:106 - setup_enhanced_logging() - Mega-Sena Analyzer iniciado em 2025-12-05 09:43:42.372857
2025-12-05 09:43:42 - mega_sena - INFO - logging_config.py:107 - setup_enhanced_logging() - Nível de log: INFO
2025-12-05 09:43:42 - mega_sena - INFO - logging_config.py:108 - setup_enhanced_logging() - Diretório de logs: C:\Users\marco\Documents\Github\mega_sena_estatistico\logs
2025-12-05 09:43:42 - mega_sena - INFO - logging_config.py:109 - setup_enhanced_logging() - ==================================================
2025-12-05 09:50:17 - mega_sena - INFO - logging_config.py:105 - setup_enhanced_logging() - ==================================================
2025-12-05 09:50:17 - mega_sena - INFO - logging_config.py:106 - setup_enhanced_logging() - Mega-Sena Analyzer iniciado em 2025-12-05 09:50:17.715071
2025-12-05 09:50:17 - mega_sena - INFO - logging_config.py:107 - setup_enhanced_logging() - Nível de log: INFO
2025-12-05 09:50:17 - mega_sena - INFO - logging_config.py:108 - setup_enhanced_logging() - Diretório de logs: C:\Users\marco\Documents\Github\mega_sena_estatistico\logs
2025-12-05 09:50:17 - mega_sena - INFO - logging_config.py:109 - setup_enhanced_logging() - ==================================================
2025-12-05 09:50:26 - mega_sena - INFO - logging_config.py:105 - setup_enhanced_logging() - ==================================================
2025-12-05 09:50:26 - mega_sena - INFO - logging_config.py:106 - setup_enhanced_logging() - Mega-Sena Analyzer iniciado em 2025-12-05 09:50:26.821992
2025-12-05 09:50:26 - mega_sena - INFO - logging_config.py:107 - setup_enhanced_logging() - Nível de log: INFO
2025-12-05 09:50:26 - mega_sena - INFO - logging_config.py:108 - setup_enhanced_logging() - Diretório de logs: C:\Users\marco\Documents\Github\mega_sena_estatistico\logs
2025-12-05 09:50:26 - mega_sena - INFO - logging_config.py:109 - setup_enhanced_logging() - ==================================================
2025-12-05 09:50:41 - mega_sena - INFO - logging_config.py:105 - setup_enhanced_logging() - ==================================================
2025-12-05 09:50:41 - mega_sena - INFO - logging_config.py:106 - setup_enhanced_logging() - Mega-Sena Analyzer iniciado em 2025-12-05 09:50:41.690980
2025-12-05 09:50:41 - mega_sena - INFO - logging_config.py:107 - setup_enhanced_logging() - Nível de log: INFO
2025-12-05 09:50:41 - mega_sena - INFO - logging_config.py:108 - setup_enhanced_logging() - Diretório de logs: C:\Users\marco\Documents\Github\mega_sena_estatistico\logs
2025-12-05 09:50:41 - mega_sena - INFO - logging_config.py:109 - setup_enhanced_logging() - ==================================================
2025-12-05 09:50:53 - mega_sena - INFO - logging_config.py:105 - setup_enhanced_logging() - ==================================================
2025-12-05 09:50:53 - mega_sena - INFO - logging_config.py:106 - setup_enhanced_logging() - Mega-Sena Analyzer iniciado em 2025-12-05 09:50:53.145312
2025-12-05 09:50:53 - mega_sena - INFO - logging_config.py:107 - setup_enhanced_logging() - Nível de log: INFO
2025-12-05 09:50:53 - mega_sena - INFO - logging_config.py:108 - setup_enhanced_logging() - Diretório de logs: C:\Users\marco\Documents\Github\mega_sena_estatistico\logs
2025-12-05 09:50:53 - mega_sena - INFO - logging_config.py:109 - setup_enhanced_logging() - ==================================================
2025-12-05 09:51:57 - mega_sena - INFO - logging_config.py:105 - setup_enhanced_logging() - ==================================================
2025-12-05 09:51:57 - mega_sena - INFO - logging_config.py:106 - setup_enhanced_logging() - Mega-Sena Analyzer iniciado em 2025-12-05 09:51:57.282365
2025-12-05 09:51:57 - mega_sena - INFO - logging_config.py:107 - setup_enhanced_logging() - Nível de log: INFO
2025-12-05 09:51:57 - mega_sena - INFO - logging_config.py:108 - setup_enhanced_logging() - Diretório de logs: C:\Users\marco\Documents\Github\mega_sena_estatistico\logs
2025-12-05 09:51:57 - mega_sena - INFO - logging_config.py:109 - setup_enhanced_logging() - ==================================================
2025-12-05 09:52:50 - mega_sena - INFO - logging_config.py:105 - setup_enhanced_logging() - ==================================================
2025-12-05 09:52:50 - mega_sena - INFO - logging_config.py:106 - setup_enhanced_logging() - Mega-Sena Analyzer iniciado em 2025-12-05 09:52:50.603603
2025-12-05 09:52:50 - mega_sena - INFO - logging_config.py:107 - setup_enhanced_logging() - Nível de log: INFO
2025-12-05 09:52:50 - mega_sena - INFO - logging_config.py:108 - setup_enhanced_logging() - Diretório de logs: C:\Users\marco\Documents\Github\mega_sena_estatistico\logs
2025-12-05 09:52:50 - mega_sena - INFO - logging_config.py:109 - setup_enhanced_logging() - ==================================================
2025-12-05 09:53:49 - mega_sena - INFO - logging_config.py:105 - setup_enhanced_logging() - ==================================================
2025-12-05 09:53:49 - mega_sena - INFO - logging_config.py:106 - setup_enhanced_logging() - Mega-Sena Analyzer iniciado em 2025-12-05 09:53:49.000871
2025-12-05 09:53:49 - mega_sena - INFO - logging_config.py:107 - setup_enhanced_logging() - Nível de log: INFO
2025-12-05 09:53:49 - mega_sena - INFO - logging_config.py:108 - setup_enhanced_logging() - Diretório de logs: C:\Users\marco\Documents\Github\mega_sena_estatistico\logs
2025-12-05 09:53:49 - mega_sena - INFO - logging_config.py:109 - setup_enhanced_logging() - ==================================================
2025-12-05 09:53:49 - mega_sena - INFO - logging_config.py:105 - setup_enhanced_logging() - ==================================================
2025-12-05 09:53:49 - mega_sena - INFO - logging_config.py:106 - setup_enhanced_logging() - Mega-Sena Analyzer iniciado em 2025-12-05 09:53:49.669736
2025-12-05 09:53:49 - mega_sena - INFO - logging_config.py:107 - setup_enhanced_logging() - Nível de log: INFO
2025-12-05 09:53:49 - mega_sena - INFO - logging_config.py:108 - setup_enhanced_logging() - Diretório de logs: C:\Users\marco\Documents\Github\mega_sena_estatistico\logs
2025-12-05 09:53:49 - mega_sena - INFO - logging_config.py:109 - setup_enhanced_logging() - ==================================================
2025-12-05 09:53:50 - mega_sena - INFO - logging_config.py:105 - setup_enhanced_logging() - ==================================================
2025-12-05 09:53:50 - mega_sena - INFO - logging_config.py:106 - setup_enhanced_logging() - Mega-Sena Analyzer iniciado em 2025-12-05 09:53:50.322713
2025-12-05 09:53:50 - mega_sena - INFO - logging_config.py:107 - setup_enhanced_logging() - Nível de log: INFO
2025-12-05 09:53:50 - mega_sena - INFO - logging_config.py:108 - setup_enhanced_logging() - Diretório de logs: C:\Users\marco\Documents\Github\mega_sena_estatistico\logs
2025-12-05 09:53:50 - mega_sena - INFO - logging_config.py:109 - setup_enhanced_logging() - ==================================================
2025-12-05 09:53:56 - mega_sena - INFO - logging_config.py:105 - setup_enhanced_logging() - ==================================================
2025-12-05 09:53:56 - mega_sena - INFO - logging_config.py:106 - setup_enhanced_logging() - Mega-Sena Analyzer iniciado em 2025-12-05 09:53:56.078483
2025-12-05 09:53:56 - mega_sena - INFO - logging_config.py:107 - setup_enhanced_logging() - Nível de log: INFO
2025-12-05 09:53:56 - mega_sena - INFO - logging_config.py:108 - setup_enhanced_logging() - Diretório de logs: C:\Users\marco\Documents\Github\mega_sena_estatistico\logs
2025-12-05 09:53:56 - mega_sena - INFO - logging_config.py:109 - setup_enhanced_logging() - ==================================================
2025-12-05 09:59:05 - mega_sena - INFO - logging_config.py:105 - setup_enhanced_logging() - ==================================================
2025-12-05 09:59:05 - mega_sena - INFO - logging_config.py:106 - setup_enhanced_logging() - Mega-Sena Analyzer iniciado em 2025-12-05 09:59:05.161768
2025-12-05 09:59:05 - mega_sena - INFO - logging_config.py:107 - setup_enhanced_logging() - Nível de log: INFO
2025-12-05 09:59:05 - mega_sena - INFO - logging_config.py:108 - setup_enhanced_logging() - Diretório de logs: C:\Users\marco\Documents\Github\mega_sena_estatistico\logs
2025-12-05 09:59:05 - mega_sena - INFO - logging_config.py:109 - setup_enhanced_logging() - ==================================================
2025-12-05 09:59:16 - mega_sena - INFO - logging_config.py:105 - setup_enhanced_logging() - ==================================================
2025-12-05 09:59:16 - mega_sena - INFO - logging_config.py:106 - setup_enhanced_logging() - Mega-Sena Analyzer iniciado em 2025-12-05 09:59:16.974635
2025-12-05 09:59:16 - mega_sena - INFO - logging_config.py:107 - setup_enhanced_logging() - Nível de log: INFO
2025-12-05 09:59:16 - mega_sena - INFO - logging_config.py:108 - setup_enhanced_logging() - Diretório de logs: C:\Users\marco\Documents\Github\mega_sena_estatistico\logs
2025-12-05 09:59:16 - mega_sena - INFO - logging_config.py:109 - setup_enhanced_logging() - ==================================================
2025-12-05 09:59:43 - mega_sena - INFO - logging_config.py:105 - setup_enhanced_logging() - ==================================================
2025-12-05 09:59:43 - mega_sena - INFO - logging_config.py:106 - setup_enhanced_logging() - Mega-Sena Analyzer iniciado em 2025-12-05 09:59:43.482900
2025-12-05 09:59:43 - mega_sena - INFO - logging_config.py:107 - setup_enhanced_logging() - Nível de log: INFO
2025-12-05 09:59:43 - mega_sena - INFO - logging_config.py:108 - setup_enhanced_logging() - Diretório de logs: C:\Users\marco\Documents\Github\mega_sena_estatistico\logs
2025-12-05 09:59:43 - mega_sena - INFO - logging_config.py:109 - setup_enhanced_logging() - ==================================================
2025-12-05 09:59:57 - mega_sena - INFO - logging_config.py:105 - setup_enhanced_logging() - ==================================================
2025-12-05 09:59:57 - mega_sena - INFO - logging_config.py:106 - setup_enhanced_logging() - Mega-Sena Analyzer iniciado em 2025-12-05 09:59:57.361795
2025-12-05 09:59:57 - mega_sena - INFO - logging_config.py:107 - setup_enhanced_logging() - Nível de log: INFO
2025-12-05 09:59:57 - mega_sena - INFO - logging_config.py:108 - setup_enhanced_logging() - Diretório de logs: C:\Users\marco\Documents\Github\mega_sena_estatistico\logs
2025-12-05 09:59:57 - mega_sena - INFO - logging_config.py:109 - setup_enhanced_logging() - ==================================================
2025-12-05 10:00:03 - mega_sena - INFO - logging_config.py:105 - setup_enhanced_logging() - ==================================================
2025-12-05 10:00:03 - mega_sena - INFO - logging_config.py:106 - setup_enhanced_logging() - Mega-Sena Analyzer iniciado em 2025-12-05 10:00:03.866229
2025-12-05 10:00:03 - mega_sena - INFO - logging_config.py:107 - setup_enhanced_logging() - Nível de log: INFO
2025-12-05 10:00:03 - mega_sena - INFO - logging_config.py:108 - setup_enhanced_logging() - Diretório de logs: C:\Users\marco\Documents\Github\mega_sena_estatistico\logs
2025-12-05 10:00:03 - mega_sena - INFO - logging_config.py:109 - setup_enhanced_logging() - ==================================================
2025-12-05 10:00:17 - mega_sena - INFO - logging_config.py:105 - setup_enhanced_logging() - ==================================================
2025-12-05 10:00:17 - mega_sena - INFO - logging_config.py:106 - setup_enhanced_logging() - Mega-Sena Analyzer iniciado em 2025-12-05 10:00:17.881510
2025-12-05 10:00:17 - mega_sena - INFO - logging_config.py:107 - setup_enhanced_logging() - Nível de log: INFO
2025-12-05 10:00:17 - mega_sena - INFO - logging_config.py:108 - setup_enhanced_logging() - Diretório de logs: C:\Users\marco\Documents\Github\mega_sena_estatistico\logs
2025-12-05 10:00:17 - mega_sena - INFO - logging_config.py:109 - setup_enhanced_logging() - ==================================================
2025-12-05 10:01:13 - mega_sena - INFO - logging_config.py:105 - setup_enhanced_logging() - ==================================================
2025-12-05 10:01:13 - mega_sena - INFO - logging_config.py:106 - setup_enhanced_logging() - Mega-Sena Analyzer iniciado em 2025-12-05 10:01:13.603700
2025-12-05 10:01:13 - mega_sena - INFO - logging_config.py:107 - setup_enhanced_logging() - Nível de log: INFO
2025-12-05 10:01:13 - mega_sena - INFO - logging_config.py:108 - setup_enhanced_logging() - Diretório de logs: C:\Users\marco\Documents\Github\mega_sena_estatistico\logs
2025-12-05 10:01:13 - mega_sena - INFO - logging_config.py:109 - setup_enhanced_logging() - ==================================================
2025-12-05 10:02:02 - mega_sena - INFO - logging_config.py:105 - setup_enhanced_logging() - ==================================================
2025-12-05 10:02:02 - mega_sena - INFO - logging_config.py:106 - setup_enhanced_logging() - Mega-Sena Analyzer iniciado em 2025-12-05 10:02:02.235324
2025-12-05 10:02:02 - mega_sena - INFO - logging_config.py:107 - setup_enhanced_logging() - Nível de log: INFO
2025-12-05 10:02:02 - mega_sena - INFO - logging_config.py:108 - setup_enhanced_logging() - Diretório de logs: C:\Users\marco\Documents\Github\mega_sena_estatistico\logs
2025-12-05 10:02:02 - mega_sena - INFO - logging_config.py:109 - setup_enhanced_logging() - ==================================================
2025-12-05 10:04:48 - mega_sena - INFO - logging_config.py:105 - setup_enhanced_logging() - ==================================================
2025-12-05 10:04:48 - mega_sena - INFO - logging_config.py:106 - setup_enhanced_logging() - Mega-Sena Analyzer iniciado em 2025-12-05 10:04:48.001549
2025-12-05 10:04:48 - mega_sena - INFO - logging_config.py:107 - setup_enhanced_logging() - Nível de log: INFO
2025-12-05 10:04:48 - mega_sena - INFO - logging_config.py:108 - setup_enhanced_logging() - Diretório de logs: C:\Users\marco\Documents\Github\mega_sena_estatistico\logs
2025-12-05 10:04:48 - mega_sena - INFO - logging_config.py:109 - setup_enhanced_logging() - ==================================================
2025-12-05 10:06:16 - mega_sena - INFO - logging_config.py:105 - setup_enhanced_logging() - ==================================================
2025-12-05 10:06:16 - mega_sena - INFO - logging_config.py:106 - setup_enhanced_logging() - Mega-Sena Analyzer iniciado em 2025-12-05 10:06:16.256039
2025-12-05 10:06:16 - mega_sena - INFO - logging_config.py:107 - setup_enhanced_logging() - Nível de log: INFO
2025-12-05 10:06:16 - mega_sena - INFO - logging_config.py:108 - setup_enhanced_logging() - Diretório de logs: C:\Users\marco\Documents\Github\mega_sena_estatistico\logs
2025-12-05 10:06:16 - mega_sena - INFO - logging_config.py:109 - setup_enhanced_logging() - ==================================================
2025-12-21 21:25:04 - mega_sena - INFO - logging_config.py:105 - setup_enhanced_logging() - ==================================================
2025-12-21 21:25:04 - mega_sena - INFO - logging_config.py:106 - setup_enhanced_logging() - Mega-Sena Analyzer iniciado em 2025-12-21 21:25:04.170540
2025-12-21 21:25:04 - mega_sena - INFO - logging_config.py:107 - setup_enhanced_logging() - Nível de log: INFO
2025-12-21 21:25:04 - mega_sena - INFO - logging_config.py:108 - setup_enhanced_logging() - Diretório de logs: C:\Users\marco\Documents\Github\mega_sena_estatistico\logs
2025-12-21 21:25:04 - mega_sena - INFO - logging_config.py:109 - setup_enhanced_logging() - ==================================================
2025-12-21 21:28:38 - mega_sena - INFO - logging_config.py:105 - setup_enhanced_logging() - ==================================================
2025-12-21 21:28:38 - mega_sena - INFO - logging_config.py:106 - setup_enhanced_logging() - Mega-Sena Analyzer iniciado em 2025-12-21 21:28:38.624552
2025-12-21 21:28:38 - mega_sena - INFO - logging_config.py:107 - setup_enhanced_logging() - Nível de log: INFO
2025-12-21 21:28:38 - mega_sena - INFO - logging_config.py:108 - setup_enhanced_logging() - Diretório de logs: C:\Users\marco\Documents\Github\mega_sena_estatistico\logs
2025-12-21 21:28:38 - mega_sena - INFO - logging_config.py:109 - setup_enhanced_logging() - ==================================================
2025-12-21 22:06:57 - mega_sena - INFO - logging_config.py:105 - setup_enhanced_logging() - ==================================================
2025-12-21 22:06:57 - mega_sena - INFO - logging_config.py:106 - setup_enhanced_logging() - Mega-Sena Analyzer iniciado em 2025-12-21 22:06:57.505384
2025-12-21 22:06:57 - mega_sena - INFO - logging_config.py:107 - setup_enhanced_logging() - Nível de log: INFO
2025-12-21 22:06:57 - mega_sena - INFO - logging_config.py:108 - setup_enhanced_logging() - Diretório de logs: C:\Users\marco\Documents\Github\mega_sena_estatistico\logs
2025-12-21 22:06:57 - mega_sena - INFO - logging_config.py:109 - setup_enhanced_logging() - ==================================================
2025-12-21 22:11:05 - mega_sena - INFO - logging_config.py:105 - setup_enhanced_logging() - ==================================================
2025-12-21 22:11:05 - mega_sena - INFO - logging_config.py:106 - setup_enhanced_logging() - Mega-Sena Analyzer iniciado em 2025-12-21 22:11:05.355953
2025-12-21 22:11:05 - mega_sena - INFO - logging_config.py:107 - setup_enhanced_logging() - Nível de log: INFO
2025-12-21 22:11:05 - mega_sena - INFO - logging_config.py:108 - setup_enhanced_logging() - Diretório de logs: c:\Users\marco\Documents\Github\mega_sena_estatistico\logs
2025-12-21 22:11:05 - mega_sena - INFO - logging_config.py:109 - setup_enhanced_logging() - ==================================================
2025-12-21 22:11:58 - mega_sena - INFO - logging_config.py:105 - setup_enhanced_logging() - ==================================================
2025-12-21 22:11:58 - mega_sena - INFO - logging_config.py:106 - setup_enhanced_logging() - Mega-Sena Analyzer iniciado em 2025-12-21 22:11:58.207427
2025-12-21 22:11:58 - mega_sena - INFO - logging_config.py:107 - setup_enhanced_logging() - Nível de log: INFO
2025-12-21 22:11:58 - mega_sena - INFO - logging_config.py:108 - setup_enhanced_logging() - Diretório de logs: C:\Users\marco\Documents\Github\mega_sena_estatistico\logs
2025-12-21 22:11:58 - mega_sena - INFO - logging_config.py:109 - setup_enhanced_logging() - ==================================================
2025-12-21 22:14:07 - mega_sena - INFO - logging_config.py:105 - setup_enhanced_logging() - ==================================================
2025-12-21 22:14:07 - mega_sena - INFO - logging_config.py:106 - setup_enhanced_logging() - Mega-Sena Analyzer iniciado em 2025-12-21 22:14:07.270511
2025-12-21 22:14:07 - mega_sena - INFO - logging_config.py:107 - setup_enhanced_logging() - Nível de log: INFO
2025-12-21 22:14:07 - mega_sena - INFO - logging_config.py:108 - setup_enhanced_logging() - Diretório de logs: C:\Users\marco\Documents\Github\mega_sena_estatistico\logs
2025-12-21 22:14:07 - mega_sena - INFO - logging_config.py:109 - setup_enhanced_logging() - ==================================================
2025-12-21 22:14:30 - mega_sena - INFO - logging_config.py:105 - setup_enhanced_logging() - ==================================================
2025-12-21 22:14:30 - mega_sena - INFO - logging_config.py:106 - setup_enhanced_logging() - Mega-Sena Analyzer iniciado em 2025-12-21 22:14:30.935266
2025-12-21 22:14:30 - mega_sena - INFO - logging_config.py:107 - setup_enhanced_logging() - Nível de log: INFO
2025-12-21 22:14:30 - mega_sena - INFO - logging_config.py:108 - setup_enhanced_logging() - Diretório de logs: C:\Users\marco\Documents\Github\mega_sena_estatistico\logs
2025-12-21 22:14:30 - mega_sena - INFO - logging_config.py:109 - setup_enhanced_logging() - ==================================================
2025-12-21 22:14:51 - mega_sena - INFO - logging_config.py:105 - setup_enhanced_logging() - ==================================================
2025-12-21 22:14:51 - mega_sena - INFO - logging_config.py:106 - setup_enhanced_logging() - Mega-Sena Analyzer iniciado em 2025-12-21 22:14:51.778712
2025-12-21 22:14:51 - mega_sena - INFO - logging_config.py:107 - setup_enhanced_logging() - Nível de log: INFO
2025-12-21 22:14:51 - mega_sena - INFO - logging_config.py:108 - setup_enhanced_logging() - Diretório de logs: C:\Users\marco\Documents\Github\mega_sena_estatistico\logs
2025-12-21 22:14:51 - mega_sena - INFO - logging_config.py:109 - setup_enhanced_logging() - ==================================================
2025-12-21 22:19:01 - mega_sena - INFO - logging_config.py:105 - setup_enhanced_logging() - ==================================================
2025-12-21 22:19:01 - mega_sena - INFO - logging_config.py:106 - setup_enhanced_logging() - Mega-Sena Analyzer iniciado em 2025-12-21 22:19:01.429624
2025-12-21 22:19:01 - mega_sena - INFO - logging_config.py:107 - setup_enhanced_logging() - Nível de log: INFO
2025-12-21 22:19:01 - mega_sena - INFO - logging_config.py:108 - setup_enhanced_logging() - Diretório de logs: C:\Users\marco\Documents\Github\mega_sena_estatistico\logs
2025-12-21 22:19:01 - mega_sena - INFO - logging_config.py:109 - setup_enhanced_logging() - ==================================================
2025-12-21 22:20:24 - mega_sena - INFO - logging_config.py:105 - setup_enhanced_logging() - ==================================================
2025-12-21 22:20:24 - mega_sena - INFO - logging_config.py:106 - setup_enhanced_logging() - Mega-Sena Analyzer iniciado em 2025-12-21 22:20:24.994927
2025-12-21 22:20:24 - mega_sena - INFO - logging_config.py:107 - setup_enhanced_logging() - Nível de log: INFO
2025-12-21 22:20:24 - mega_sena - INFO - logging_config.py:108 - setup_enhanced_logging() - Diretório de logs: C:\Users\marco\Documents\Github\mega_sena_estatistico\logs
2025-12-21 22:20:24 - mega_sena - INFO - logging_config.py:109 - setup_enhanced_logging() - ==================================================
2025-12-21 22:24:14 - mega_sena - INFO - logging_config.py:105 - setup_enhanced_logging() - ==================================================
2025-12-21 22:24:14 - mega_sena - INFO - logging_config.py:106 - setup_enhanced_logging() - Mega-Sena Analyzer iniciado em 2025-12-21 22:24:14.523657
2025-12-21 22:24:14 - mega_sena - INFO - logging_config.py:107 - setup_enhanced_logging() - Nível de log: INFO
2025-12-21 22:24:14 - mega_sena - INFO - logging_config.py:108 - setup_enhanced_logging() - Diretório de logs: C:\Users\marco\Documents\Github\mega_sena_estatistico\logs
2025-12-21 22:24:14 - mega_sena - INFO - logging_config.py:109 - setup_enhanced_logging() - ==================================================
2025-12-21 22:24:34 - mega_sena - INFO - logging_config.py:105 - setup_enhanced_logging() - ==================================================
2025-12-21 22:24:34 - mega_sena - INFO - logging_config.py:106 - setup_enhanced_logging() - Mega-Sena Analyzer iniciado em 2025-12-21 22:24:34.610710
2025-12-21 22:24:34 - mega_sena - INFO - logging_config.py:107 - setup_enhanced_logging() - Nível de log: INFO
2025-12-21 22:24:34 - mega_sena - INFO - logging_config.py:108 - setup_enhanced_logging() - Diretório de logs: C:\Users\marco\Documents\Github\mega_sena_estatistico\logs
2025-12-21 22:24:34 - mega_sena - INFO - logging_config.py:109 - setup_enhanced_logging() - ==================================================
2025-12-21 22:33:56 - mega_sena - INFO - logging_config.py:105 - setup_enhanced_logging() - ==================================================
2025-12-21 22:33:56 - mega_sena - INFO - logging_config.py:106 - setup_enhanced_logging() - Mega-Sena Analyzer iniciado em 2025-12-21 22:33:56.066270
2025-12-21 22:33:56 - mega_sena - INFO - logging_config.py:107 - setup_enhanced_logging() - Nível de log: INFO
2025-12-21 22:33:56 - mega_sena - INFO - logging_config.py:108 - setup_enhanced_logging() - Diretório de logs: C:\Users\marco\Documents\Github\mega_sena_estatistico\logs
2025-12-21 22:33:56 - mega_sena - INFO - logging_config.py:109 - setup_enhanced_logging() - ==================================================
2025-12-21 22:35:27 - mega_sena - INFO - logging_config.py:105 - setup_enhanced_logging() - ==================================================
2025-12-21 22:35:27 - mega_sena - INFO - logging_config.py:106 - setup_enhanced_logging() - Mega-Sena Analyzer iniciado em 2025-12-21 22:35:27.285087
2025-12-21 22:35:27 - mega_sena - INFO - logging_config.py:107 - setup_enhanced_logging() - Nível de log: INFO
2025-12-21 22:35:27 - mega_sena - INFO - logging_config.py:108 - setup_enhanced_logging() - Diretório de logs: C:\Users\marco\Documents\Github\mega_sena_estatistico\logs
2025-12-21 22:35:27 - mega_sena - INFO - logging_config.py:109 - setup_enhanced_logging() - ==================================================
2025-12-21 22:36:00 - mega_sena - INFO - logging_config.py:105 - setup_enhanced_logging() - ==================================================
2025-12-21 22:36:00 - mega_sena - INFO - logging_config.py:106 - setup_enhanced_logging() - Mega-Sena Analyzer iniciado em 2025-12-21 22:36:00.992427
2025-12-21 22:36:00 - mega_sena - INFO - logging_config.py:107 - setup_enhanced_logging() - Nível de log: INFO
2025-12-21 22:36:00 - mega_sena - INFO - logging_config.py:108 - setup_enhanced_logging() - Diretório de logs: C:\Users\marco\Documents\Github\mega_sena_estatistico\logs
2025-12-21 22:36:00 - mega_sena - INFO - logging_config.py:109 - setup_enhanced_logging() - ==================================================
2025-12-21 22:42:59 - mega_sena - INFO - logging_config.py:105 - setup_enhanced_logging() - ==================================================
2025-12-21 22:42:59 - mega_sena - INFO - logging_config.py:106 - setup_enhanced_logging() - Mega-Sena Analyzer iniciado em 2025-12-21 22:42:59.833372
2025-12-21 22:42:59 - mega_sena - INFO - logging_config.py:107 - setup_enhanced_logging() - Nível de log: INFO
2025-12-21 22:42:59 - mega_sena - INFO - logging_config.py:108 - setup_enhanced_logging() - Diretório de logs: C:\Users\marco\Documents\Github\mega_sena_estatistico\logs
2025-12-21 22:42:59 - mega_sena - INFO - logging_config.py:109 - setup_enhanced_logging() - ==================================================
2025-12-21 22:43:14 - mega_sena - INFO - logging_config.py:105 - setup_enhanced_logging() - ==================================================
2025-12-21 22:43:14 - mega_sena - INFO - logging_config.py:106 - setup_enhanced_logging() - Mega-Sena Analyzer iniciado em 2025-12-21 22:43:14.161593
2025-12-21 22:43:14 - mega_sena - INFO - logging_config.py:107 - setup_enhanced_logging() - Nível de log: INFO
2025-12-21 22:43:14 - mega_sena - INFO - logging_config.py:108 - setup_enhanced_logging() - Diretório de logs: C:\Users\marco\Documents\Github\mega_sena_estatistico\logs
2025-12-21 22:43:14 - mega_sena - INFO - logging_config.py:109 - setup_enhanced_logging() - ==================================================
2025-12-21 22:47:54 - mega_sena - INFO - logging_config.py:105 - setup_enhanced_logging() - ==================================================
2025-12-21 22:47:54 - mega_sena - INFO - logging_config.py:106 - setup_enhanced_logging() - Mega-Sena Analyzer iniciado em 2025-12-21 22:47:54.517076
2025-12-21 22:47:54 - mega_sena - INFO - logging_config.py:107 - setup_enhanced_logging() - Nível de log: INFO
2025-12-21 22:47:54 - mega_sena - INFO - logging_config.py:108 - setup_enhanced_logging() - Diretório de logs: C:\Users\marco\Documents\Github\mega_sena_estatistico\logs
2025-12-21 22:47:54 - mega_sena - INFO - logging_config.py:109 - setup_enhanced_logging() - ==================================================
2025-12-21 22:49:56 - mega_sena - INFO - logging_config.py:105 - setup_enhanced_logging() - ==================================================
2025-12-21 22:49:56 - mega_sena - INFO - logging_config.py:106 - setup_enhanced_logging() - Mega-Sena Analyzer iniciado em 2025-12-21 22:49:56.603492
2025-12-21 22:49:56 - mega_sena - INFO - logging_config.py:107 - setup_enhanced_logging() - Nível de log: INFO
2025-12-21 22:49:56 - mega_sena - INFO - logging_config.py:108 - setup_enhanced_logging() - Diretório de logs: C:\Users\marco\Documents\Github\mega_sena_estatistico\logs
2025-12-21 22:49:56 - mega_sena - INFO - logging_config.py:109 - setup_enhanced_logging() - ==================================================
2025-12-21 22:51:20 - mega_sena - INFO - logging_config.py:105 - setup_enhanced_logging() - ==================================================
2025-12-21 22:51:20 - mega_sena - INFO - logging_config.py:106 - setup_enhanced_logging() - Mega-Sena Analyzer iniciado em 2025-12-21 22:51:20.861359
2025-12-21 22:51:20 - mega_sena - INFO - logging_config.py:107 - setup_enhanced_logging() - Nível de log: INFO
2025-12-21 22:51:20 - mega_sena - INFO - logging_config.py:108 - setup_enhanced_logging() - Diretório de logs: C:\Users\marco\Documents\Github\mega_sena_estatistico\logs
2025-12-21 22:51:20 - mega_sena - INFO - logging_config.py:109 - setup_enhanced_logging() - ==================================================
2025-12-21 22:55:45 - mega_sena - INFO - logging_config.py:105 - setup_enhanced_logging() - ==================================================
2025-12-21 22:55:45 - mega_sena - INFO - logging_config.py:106 - setup_enhanced_logging() - Mega-Sena Analyzer iniciado em 2025-12-21 22:55:45.794733
2025-12-21 22:55:45 - mega_sena - INFO - logging_config.py:107 - setup_enhanced_logging() - Nível de log: INFO
2025-12-21 22:55:45 - mega_sena - INFO - logging_config.py:108 - setup_enhanced_logging() - Diretório de logs: C:\Users\marco\Documents\Github\mega_sena_estatistico\logs
2025-12-21 22:55:45 - mega_sena - INFO - logging_config.py:109 - setup_enhanced_logging() - ==================================================
2025-12-21 22:56:10 - mega_sena - INFO - logging_config.py:105 - setup_enhanced_logging() - ==================================================
2025-12-21 22:56:10 - mega_sena - INFO - logging_config.py:106 - setup_enhanced_logging() - Mega-Sena Analyzer iniciado em 2025-12-21 22:56:10.362389
2025-12-21 22:56:10 - mega_sena - INFO - logging_config.py:107 - setup_enhanced_logging() - Nível de log: INFO
2025-12-21 22:56:10 - mega_sena - INFO - logging_config.py:108 - setup_enhanced_logging() - Diretório de logs: C:\Users\marco\Documents\Github\mega_sena_estatistico\logs
2025-12-21 22:56:10 - mega_sena - INFO - logging_config.py:109 - setup_enhanced_logging() - ==================================================
2025-12-21 22:56:25 - mega_sena - INFO - logging_config.py:105 - setup_enhanced_logging() - ==================================================
2025-12-21 22:56:25 - mega_sena - INFO - logging_config.py:106 - setup_enhanced_logging() - Mega-Sena Analyzer iniciado em 2025-12-21 22:56:25.410672
2025-12-21 22:56:25 - mega_sena - INFO - logging_config.py:107 - setup_enhanced_logging() - Nível de log: INFO
2025-12-21 22:56:25 - mega_sena - INFO - logging_config.py:108 - setup_enhanced_logging() - Diretório de logs: C:\Users\marco\Documents\Github\mega_sena_estatistico\logs
2025-12-21 22:56:25 - mega_sena - INFO - logging_config.py:109 - setup_enhanced_logging() - ==================================================
2025-12-21 22:56:43 - mega_sena - INFO - logging_config.py:105 - setup_enhanced_logging() - ==================================================
2025-12-21 22:56:43 - mega_sena - INFO - logging_config.py:106 - setup_enhanced_logging() - Mega-Sena Analyzer iniciado em 2025-12-21 22:56:43.266474
2025-12-21 22:56:43 - mega_sena - INFO - logging_config.py:107 - setup_enhanced_logging() - Nível de log: INFO
2025-12-21 22:56:43 - mega_sena - INFO - logging_config.py:108 - setup_enhanced_logging() - Diretório de logs: C:\Users\marco\Documents\Github\mega_sena_estatistico\logs
2025-12-21 22:56:43 - mega_sena - INFO - logging_config.py:109 - setup_enhanced_logging() - ==================================================
2025-12-21 22:56:54 - mega_sena - INFO - logging_config.py:105 - setup_enhanced_logging() - ==================================================
2025-12-21 22:56:54 - mega_sena - INFO - logging_config.py:106 - setup_enhanced_logging() - Mega-Sena Analyzer iniciado em 2025-12-21 22:56:54.614509
2025-12-21 22:56:54 - mega_sena - INFO - logging_config.py:107 - setup_enhanced_logging() - Nível de log: INFO
2025-12-21 22:56:54 - mega_sena - INFO - logging_config.py:108 - setup_enhanced_logging() - Diretório de logs: C:\Users\marco\Documents\Github\mega_sena_estatistico\logs
2025-12-21 22:56:54 - mega_sena - INFO - logging_config.py:109 - setup_enhanced_logging() - ==================================================
2025-12-21 22:57:32 - mega_sena - INFO - logging_config.py:105 - setup_enhanced_logging() - ==================================================
2025-12-21 22:57:32 - mega_sena - INFO - logging_config.py:106 - setup_enhanced_logging() - Mega-Sena Analyzer iniciado em 2025-12-21 22:57:32.770390
2025-12-21 22:57:32 - mega_sena - INFO - logging_config.py:107 - setup_enhanced_logging() - Nível de log: INFO
2025-12-21 22:57:32 - mega_sena - INFO - logging_config.py:108 - setup_enhanced_logging() - Diretório de logs: C:\Users\marco\Documents\Github\mega_sena_estatistico\logs
2025-12-21 22:57:32 - mega_sena - INFO - logging_config.py:109 - setup_enhanced_logging() - ==================================================
2025-12-21 22:58:29 - mega_sena - INFO - logging_config.py:105 - setup_enhanced_logging() - ==================================================
2025-12-21 22:58:29 - mega_sena - INFO - logging_config.py:106 - setup_enhanced_logging() - Mega-Sena Analyzer iniciado em 2025-12-21 22:58:29.575537
2025-12-21 22:58:29 - mega_sena - INFO - logging_config.py:107 - setup_enhanced_logging() - Nível de log: INFO
2025-12-21 22:58:29 - mega_sena - INFO - logging_config.py:108 - setup_enhanced_logging() - Diretório de logs: C:\Users\marco\Documents\Github\mega_sena_estatistico\logs
2025-12-21 22:58:29 - mega_sena - INFO - logging_config.py:109 - setup_enhanced_logging() - ==================================================
2025-12-21 22:58:51 - mega_sena - INFO - logging_config.py:105 - setup_enhanced_logging() - ==================================================
2025-12-21 22:58:51 - mega_sena - INFO - logging_config.py:106 - setup_enhanced_logging() - Mega-Sena Analyzer iniciado em 2025-12-21 22:58:51.625235
2025-12-21 22:58:51 - mega_sena - INFO - logging_config.py:107 - setup_enhanced_logging() - Nível de log: INFO
2025-12-21 22:58:51 - mega_sena - INFO - logging_config.py:108 - setup_enhanced_logging() - Diretório de logs: C:\Users\marco\Documents\Github\mega_sena_estatistico\logs
2025-12-21 22:58:51 - mega_sena - INFO - logging_config.py:109 - setup_enhanced_logging() - ==================================================
2025-12-21 22:59:03 - mega_sena - INFO - logging_config.py:105 - setup_enhanced_logging() - ==================================================
2025-12-21 22:59:03 - mega_sena - INFO - logging_config.py:106 - setup_enhanced_logging() - Mega-Sena Analyzer iniciado em 2025-12-21 22:59:03.026981
2025-12-21 22:59:03 - mega_sena - INFO - logging_config.py:107 - setup_enhanced_logging() - Nível de log: INFO
2025-12-21 22:59:03 - mega_sena - INFO - logging_config.py:108 - setup_enhanced_logging() - Diretório de logs: C:\Users\marco\Documents\Github\mega_sena_estatistico\logs
2025-12-21 22:59:03 - mega_sena - INFO - logging_config.py:109 - setup_enhanced_logging() - ==================================================
2025-12-21 23:01:19 - mega_sena - INFO - logging_config.py:105 - setup_enhanced_logging() - ==================================================
2025-12-21 23:01:19 - mega_sena - INFO - logging_config.py:106 - setup_enhanced_logging() - Mega-Sena Analyzer iniciado em 2025-12-21 23:01:19.261964
2025-12-21 23:01:19 - mega_sena - INFO - logging_config.py:107 - setup_enhanced_logging() - Nível de log: INFO
2025-12-21 23:01:19 - mega_sena - INFO - logging_config.py:108 - setup_enhanced_logging() - Diretório de logs: C:\Users\marco\Documents\Github\mega_sena_estatistico\logs
2025-12-21 23:01:19 - mega_sena - INFO - logging_config.py:109 - setup_enhanced_logging() - ==================================================
2025-12-21 23:02:23 - mega_sena - INFO - logging_config.py:105 - setup_enhanced_logging() - ==================================================
2025-12-21 23:02:23 - mega_sena - INFO - logging_config.py:106 - setup_enhanced_logging() - Mega-Sena Analyzer iniciado em 2025-12-21 23:02:23.978370
2025-12-21 23:02:23 - mega_sena - INFO - logging_config.py:107 - setup_enhanced_logging() - Nível de log: INFO
2025-12-21 23:02:23 - mega_sena - INFO - logging_config.py:108 - setup_enhanced_logging() - Diretório de logs: C:\Users\marco\Documents\Github\mega_sena_estatistico\logs
2025-12-21 23:02:23 - mega_sena - INFO - logging_config.py:109 - setup_enhanced_logging() - ==================================================
2025-12-21 23:10:44 - mega_sena - INFO - logging_config.py:105 - setup_enhanced_logging() - ==================================================
2025-12-21 23:10:44 - mega_sena - INFO - logging_config.py:106 - setup_enhanced_logging() - Mega-Sena Analyzer iniciado em 2025-12-21 23:10:44.354119
2025-12-21 23:10:44 - mega_sena - INFO - logging_config.py:107 - setup_enhanced_logging() - Nível de log: INFO
2025-12-21 23:10:44 - mega_sena - INFO - logging_config.py:108 - setup_enhanced_logging() - Diretório de logs: C:\Users\marco\Documents\Github\mega_sena_estatistico\logs
2025-12-21 23:10:44 - mega_sena - INFO - logging_config.py:109 - setup_enhanced_logging() - ==================================================
2025-12-21 23:14:03 - mega_sena - INFO - logging_config.py:105 - setup_enhanced_logging() - ==================================================
2025-12-21 23:14:03 - mega_sena - INFO - logging_config.py:106 - setup_enhanced_logging() - Mega-Sena Analyzer iniciado em 2025-12-21 23:14:03.608486
2025-12-21 23:14:03 - mega_sena - INFO - logging_config.py:107 - setup_enhanced_logging() - Nível de log: INFO
2025-12-21 23:14:03 - mega_sena - INFO - logging_config.py:108 - setup_enhanced_logging() - Diretório de logs: C:\Users\marco\Documents\Github\mega_sena_estatistico\logs
2025-12-21 23:14:03 - mega_sena - INFO - logging_config.py:109 - setup_enhanced_logging() - ==================================================
2025-12-21 23:14:40 - mega_sena - INFO - logging_config.py:105 - setup_enhanced_logging() - ==================================================
2025-12-21 23:14:40 - mega_sena - INFO - logging_config.py:106 - setup_enhanced_logging() - Mega-Sena Analyzer iniciado em 2025-12-21 23:14:40.297787
2025-12-21 23:14:40 - mega_sena - INFO - logging_config.py:107 - setup_enhanced_logging() - Nível de log: INFO
2025-12-21 23:14:40 - mega_sena - INFO - logging_config.py:108 - setup_enhanced_logging() - Diretório de logs: C:\Users\marco\Documents\Github\mega_sena_estatistico\logs
2025-12-21 23:14:40 - mega_sena - INFO - logging_config.py:109 - setup_enhanced_logging() - ==================================================
2025-12-21 23:17:46 - mega_sena - INFO - logging_config.py:105 - setup_enhanced_logging() - ==================================================
2025-12-21 23:17:46 - mega_sena - INFO - logging_config.py:106 - setup_enhanced_logging() - Mega-Sena Analyzer iniciado em 2025-12-21 23:17:46.309698
2025-12-21 23:17:46 - mega_sena - INFO - logging_config.py:107 - setup_enhanced_logging() - Nível de log: INFO
2025-12-21 23:17:46 - mega_sena - INFO - logging_config.py:108 - setup_enhanced_logging() - Diretório de logs: C:\Users\marco\Documents\Github\mega_sena_estatistico\logs
2025-12-21 23:17:46 - mega_sena - INFO - logging_config.py:109 - setup_enhanced_logging() - ==================================================
2025-12-21 23:24:55 - mega_sena - INFO - logging_config.py:105 - setup_enhanced_logging() - ==================================================
2025-12-21 23:24:55 - mega_sena - INFO - logging_config.py:106 - setup_enhanced_logging() - Mega-Sena Analyzer iniciado em 2025-12-21 23:24:55.231464
2025-12-21 23:24:55 - mega_sena - INFO - logging_config.py:107 - setup_enhanced_logging() - Nível de log: INFO
2025-12-21 23:24:55 - mega_sena - INFO - logging_config.py:108 - setup_enhanced_logging() - Diretório de logs: C:\Users\marco\Documents\Github\mega_sena_estatistico\logs
2025-12-21 23:24:55 - mega_sena - INFO - logging_config.py:109 - setup_enhanced_logging() - ==================================================
2025-12-21 23:25:03 - mega_sena - INFO - logging_config.py:105 - setup_enhanced_logging() - ==================================================
2025-12-21 23:25:03 - mega_sena - INFO - logging_config.py:106 - setup_enhanced_logging() - Mega-Sena Analyzer iniciado em 2025-12-21 23:25:03.011759
2025-12-21 23:25:03 - mega_sena - INFO - logging_config.py:107 - setup_enhanced_logging() - Nível de log: INFO
2025-12-21 23:25:03 - mega_sena - INFO - logging_config.py:108 - setup_enhanced_logging() - Diretório de logs: C:\Users\marco\Documents\Github\mega_sena_estatistico\logs
2025-12-21 23:25:03 - mega_sena - INFO - logging_config.py:109 - setup_enhanced_logging() - ==================================================
2025-12-21 23:26:33 - mega_sena - INFO - logging_config.py:105 - setup_enhanced_logging() - ==================================================
2025-12-21 23:26:33 - mega_sena - INFO - logging_config.py:106 - setup_enhanced_logging() - Mega-Sena Analyzer iniciado em 2025-12-21 23:26:33.352853
2025-12-21 23:26:33 - mega_sena - INFO - logging_config.py:107 - setup_enhanced_logging() - Nível de log: INFO
2025-12-21 23:26:33 - mega_sena - INFO - logging_config.py:108 - setup_enhanced_logging() - Diretório de logs: C:\Users\marco\Documents\Github\mega_sena_estatistico\logs
2025-12-21 23:26:33 - mega_sena - INFO - logging_config.py:109 - setup_enhanced_logging() - ==================================================
2025-12-21 23:26:46 - mega_sena - INFO - logging_config.py:105 - setup_enhanced_logging() - ==================================================
2025-12-21 23:26:46 - mega_sena - INFO - logging_config.py:106 - setup_enhanced_logging() - Mega-Sena Analyzer iniciado em 2025-12-21 23:26:46.369309
2025-12-21 23:26:46 - mega_sena - INFO - logging_config.py:107 - setup_enhanced_logging() - Nível de log: INFO
2025-12-21 23:26:46 - mega_sena - INFO - logging_config.py:108 - setup_enhanced_logging() - Diretório de logs: C:\Users\marco\Documents\Github\mega_sena_estatistico\logs
2025-12-21 23:26:46 - mega_sena - INFO - logging_config.py:109 - setup_enhanced_logging() - ==================================================
2025-12-21 23:27:43 - mega_sena - INFO - logging_config.py:105 - setup_enhanced_logging() - ==================================================
2025-12-21 23:27:43 - mega_sena - INFO - logging_config.py:106 - setup_enhanced_logging() - Mega-Sena Analyzer iniciado em 2025-12-21 23:27:43.941548
2025-12-21 23:27:43 - mega_sena - INFO - logging_config.py:107 - setup_enhanced_logging() - Nível de log: INFO
2025-12-21 23:27:43 - mega_sena - INFO - logging_config.py:108 - setup_enhanced_logging() - Diretório de logs: C:\Users\marco\Documents\Github\mega_sena_estatistico\logs
2025-12-21 23:27:43 - mega_sena - INFO - logging_config.py:109 - setup_enhanced_logging() - ==================================================
2025-12-21 23:28:16 - mega_sena - INFO - logging_config.py:105 - setup_enhanced_logging() - ==================================================
2025-12-21 23:28:16 - mega_sena - INFO - logging_config.py:106 - setup_enhanced_logging() - Mega-Sena Analyzer iniciado em 2025-12-21 23:28:16.549564
2025-12-21 23:28:16 - mega_sena - INFO - logging_config.py:107 - setup_enhanced_logging() - Nível de log: INFO
2025-12-21 23:28:16 - mega_sena - INFO - logging_config.py:108 - setup_enhanced_logging() - Diretório de logs: C:\Users\marco\Documents\Github\mega_sena_estatistico\logs
2025-12-21 23:28:16 - mega_sena - INFO - logging_config.py:109 - setup_enhanced_logging() - ==================================================
2025-12-21 23:28:36 - mega_sena - INFO - logging_config.py:105 - setup_enhanced_logging() - ==================================================
2025-12-21 23:28:36 - mega_sena - INFO - logging_config.py:106 - setup_enhanced_logging() - Mega-Sena Analyzer iniciado em 2025-12-21 23:28:36.982406
2025-12-21 23:28:36 - mega_sena - INFO - logging_config.py:107 - setup_enhanced_logging() - Nível de log: INFO
2025-12-21 23:28:36 - mega_sena - INFO - logging_config.py:108 - setup_enhanced_logging() - Diretório de logs: C:\Users\marco\Documents\Github\mega_sena_estatistico\logs
2025-12-21 23:28:36 - mega_sena - INFO - logging_config.py:109 - setup_enhanced_logging() - ==================================================
2025-12-21 23:29:43 - mega_sena - INFO - logging_config.py:105 - setup_enhanced_logging() - ==================================================
2025-12-21 23:29:43 - mega_sena - INFO - logging_config.py:106 - setup_enhanced_logging() - Mega-Sena Analyzer iniciado em 2025-12-21 23:29:43.188153
2025-12-21 23:29:43 - mega_sena - INFO - logging_config.py:107 - setup_enhanced_logging() - Nível de log: INFO
2025-12-21 23:29:43 - mega_sena - INFO - logging_config.py:108 - setup_enhanced_logging() - Diretório de logs: C:\Users\marco\Documents\Github\mega_sena_estatistico\logs
2025-12-21 23:29:43 - mega_sena - INFO - logging_config.py:109 - setup_enhanced_logging() - ==================================================
2025-12-21 23:33:39 - mega_sena - INFO - logging_config.py:105 - setup_enhanced_logging() - ==================================================
2025-12-21 23:33:39 - mega_sena - INFO - logging_config.py:106 - setup_enhanced_logging() - Mega-Sena Analyzer iniciado em 2025-12-21 23:33:39.349147
2025-12-21 23:33:39 - mega_sena - INFO - logging_config.py:107 - setup_enhanced_logging() - Nível de log: INFO
2025-12-21 23:33:39 - mega_sena - INFO - logging_config.py:108 - setup_enhanced_logging() - Diretório de logs: C:\Users\marco\Documents\Github\mega_sena_estatistico\logs
2025-12-21 23:33:39 - mega_sena - INFO - logging_config.py:109 - setup_enhanced_logging() - ==================================================
2025-12-21 23:35:07 - mega_sena - INFO - logging_config.py:105 - setup_enhanced_logging() - ==================================================
2025-12-21 23:35:07 - mega_sena - INFO - logging_config.py:106 - setup_enhanced_logging() - Mega-Sena Analyzer iniciado em 2025-12-21 23:35:07.111816
2025-12-21 23:35:07 - mega_sena - INFO - logging_config.py:107 - setup_enhanced_logging() - Nível de log: INFO
2025-12-21 23:35:07 - mega_sena - INFO - logging_config.py:108 - setup_enhanced_logging() - Diretório de logs: C:\Users\marco\Documents\Github\mega_sena_estatistico\logs
2025-12-21 23:35:07 - mega_sena - INFO - logging_config.py:109 - setup_enhanced_logging() - ==================================================
2025-12-21 23:35:31 - mega_sena - INFO - logging_config.py:105 - setup_enhanced_logging() - ==================================================
2025-12-21 23:35:31 - mega_sena - INFO - logging_config.py:106 - setup_enhanced_logging() - Mega-Sena Analyzer iniciado em 2025-12-21 23:35:31.228802
2025-12-21 23:35:31 - mega_sena - INFO - logging_config.py:107 - setup_enhanced_logging() - Nível de log: INFO
2025-12-21 23:35:31 - mega_sena - INFO - logging_config.py:108 - setup_enhanced_logging() - Diretório de logs: C:\Users\marco\Documents\Github\mega_sena_estatistico\logs
2025-12-21 23:35:31 - mega_sena - INFO - logging_config.py:109 - setup_enhanced_logging() - ==================================================
2025-12-21 23:36:17 - mega_sena - INFO - logging_config.py:105 - setup_enhanced_logging() - ==================================================
2025-12-21 23:36:17 - mega_sena - INFO - logging_config.py:106 - setup_enhanced_logging() - Mega-Sena Analyzer iniciado em 2025-12-21 23:36:17.736206
2025-12-21 23:36:17 - mega_sena - INFO - logging_config.py:107 - setup_enhanced_logging() - Nível de log: INFO
2025-12-21 23:36:17 - mega_sena - INFO - logging_config.py:108 - setup_enhanced_logging() - Diretório de logs: C:\Users\marco\Documents\Github\mega_sena_estatistico\logs
2025-12-21 23:36:17 - mega_sena - INFO - logging_config.py:109 - setup_enhanced_logging() - ==================================================
2025-12-21 23:37:31 - mega_sena - INFO - logging_config.py:105 - setup_enhanced_logging() - ==================================================
2025-12-21 23:37:31 - mega_sena - INFO - logging_config.py:106 - setup_enhanced_logging() - Mega-Sena Analyzer iniciado em 2025-12-21 23:37:31.869035
2025-12-21 23:37:31 - mega_sena - INFO - logging_config.py:107 - setup_enhanced_logging() - Nível de log: INFO
2025-12-21 23:37:31 - mega_sena - INFO - logging_config.py:108 - setup_enhanced_logging() - Diretório de logs: C:\Users\marco\Documents\Github\mega_sena_estatistico\logs
2025-12-21 23:37:31 - mega_sena - INFO - logging_config.py:109 - setup_enhanced_logging() - ==================================================
2025-12-21 23:38:08 - mega_sena - INFO - logging_config.py:105 - setup_enhanced_logging() - ==================================================
2025-12-21 23:38:08 - mega_sena - INFO - logging_config.py:106 - setup_enhanced_logging() - Mega-Sena Analyzer iniciado em 2025-12-21 23:38:08.690275
2025-12-21 23:38:08 - mega_sena - INFO - logging_config.py:107 - setup_enhanced_logging() - Nível de log: INFO
2025-12-21 23:38:08 - mega_sena - INFO - logging_config.py:108 - setup_enhanced_logging() - Diretório de logs: C:\Users\marco\Documents\Github\mega_sena_estatistico\logs
2025-12-21 23:38:08 - mega_sena - INFO - logging_config.py:109 - setup_enhanced_logging() - ==================================================
